<?xml version="1.0" encoding="UTF-8"?>
<!-- Generated by org.testng.reporters.JUnitReportReporter -->
<testsuite hostname="DESKTOP-S5LS649" failures="0" tests="1" name="com.tests.DemoTest" time="12.410" errors="0" timestamp="2021-06-16T09:03:35 IST" skipped="0">
  <testcase classname="com.tests.DemoTest" name="test01" time="12.410"/>
  <system-out/>
</testsuite> <!-- com.tests.DemoTest -->
